<?xml version="1.0" encoding="UTF-8"?>
<TestRun id="1c4d9759-0102-4ba0-a3c9-c91b7c5dc38a" name="jonorri@JONORRI-WS 2012-05-29 17:51:04" runUser="CCP\jonorri" xmlns="http://microsoft.com/schemas/VisualStudio/TeamTest/2010">
  <TestSettings name="Local" id="f9e69a58-3727-493a-bc1c-586c01203704">
    <Description>These are default test settings for a local test run.</Description>
    <Deployment enabled="false" runDeploymentRoot="jonorri_JONORRI-WS 2012-05-29 17_51_04">
      <DeploymentItem filename="C:\Users\jonorri\SkyDrive\sc\BitBucket\actionfolders-practice\Nonoe.ActionFolders\Nonoe.ActionFolders.Objects\bin\Debug\Nonoe.ActionFolders.Objects.dll" />
      <DeploymentItem filename="C:\Users\jonorri\SkyDrive\sc\BitBucket\actionfolders-practice\Nonoe.ActionFolders\Nonoe.ActionFolders.DAL\bin\Debug\Nonoe.ActionFolders.DAL.dll" />
    </Deployment>
    <Execution>
      <TestTypeSpecific />
      <AgentRule name="Execution Agents">
      </AgentRule>
    </Execution>
  </TestSettings>
  <Times creation="2012-05-29T17:51:04.9860118+00:00" queuing="2012-05-29T17:51:06.6260118+00:00" start="2012-05-29T17:51:06.7010118+00:00" finish="2012-05-29T17:51:37.4810118+00:00" />
  <ResultSummary outcome="Failed">
    <Counters total="1" executed="1" error="0" failed="1" timeout="0" aborted="0" inconclusive="0" passedButRunAborted="0" notRunnable="0" notExecuted="0" disconnected="0" warning="0" passed="0" completed="0" inProgress="0" pending="0" />
  </ResultSummary>
  <TestDefinitions>
    <UnitTest name="TestRemoveActionFolder" storage="c:\users\jonorri\skydrive\sc\bitbucket\actionfolders-practice\nonoe.actionfolders\nonoe.actionfolders.tests\bin\debug\nonoe.actionfolders.tests.dll" id="893605cd-a9f6-3277-ee1a-3ea98d57191b">
      <Execution id="ec6bb79a-2efd-4587-8241-c0ad20ad0521" />
      <TestMethod codeBase="C:/Users/jonorri/SkyDrive/sc/BitBucket/actionfolders-practice/Nonoe.ActionFolders/Nonoe.ActionFolders.Tests/bin/Debug/Nonoe.ActionFolders.Tests.DLL" adapterTypeName="Microsoft.VisualStudio.TestTools.TestTypes.Unit.UnitTestAdapter, Microsoft.VisualStudio.QualityTools.Tips.UnitTest.Adapter, Version=10.0.0.0, Culture=neutral, PublicKeyToken=b03f5f7f11d50a3a" className="Nonoe.ActionFolders.Tests.ActionFolderDalTest, Nonoe.ActionFolders.Tests, Version=1.0.0.0, Culture=neutral, PublicKeyToken=null" name="TestRemoveActionFolder" />
    </UnitTest>
  </TestDefinitions>
  <TestLists>
    <TestList name="Results Not in a List" id="8c84fa94-04c1-424b-9868-57a2d4851a1d" />
    <TestList name="All Loaded Results" id="19431567-8539-422a-85d7-44ee4e166bda" />
  </TestLists>
  <TestEntries>
    <TestEntry testId="893605cd-a9f6-3277-ee1a-3ea98d57191b" executionId="ec6bb79a-2efd-4587-8241-c0ad20ad0521" testListId="8c84fa94-04c1-424b-9868-57a2d4851a1d" />
  </TestEntries>
  <Results>
    <UnitTestResult executionId="ec6bb79a-2efd-4587-8241-c0ad20ad0521" testId="893605cd-a9f6-3277-ee1a-3ea98d57191b" testName="TestRemoveActionFolder" computerName="JONORRI-WS" duration="00:00:29.4173511" startTime="2012-05-29T17:51:06.7350118+00:00" endTime="2012-05-29T17:51:37.3780118+00:00" testType="13cdc9d9-ddb5-4fa4-a97d-d965ccfc6d4b" outcome="Failed" testListId="8c84fa94-04c1-424b-9868-57a2d4851a1d" relativeResultsDirectory="ec6bb79a-2efd-4587-8241-c0ad20ad0521">
      <Output>
        <ErrorInfo>
          <Message>Assert.IsTrue failed. The counts do not match</Message>
          <StackTrace>   at Nonoe.ActionFolders.Tests.ActionFolderDalTest.TestRemoveActionFolder() in C:\Users\jonorri\SkyDrive\sc\BitBucket\actionfolders-practice\Nonoe.ActionFolders\Nonoe.ActionFolders.Tests\Nonoe.ActionFolders.DAL\ActionFolderDalTest.cs:line 36
</StackTrace>
        </ErrorInfo>
      </Output>
    </UnitTestResult>
  </Results>
</TestRun>