<?xml version="1.0" encoding="UTF-8"?>
<TestRun id="e2138c89-3199-4754-a023-0aceee2578f1" name="jonorri@JONORRI-WS 2012-06-06 13:01:30" runUser="CCP\jonorri" xmlns="http://microsoft.com/schemas/VisualStudio/TeamTest/2010">
  <TestSettings name="Local" id="f9e69a58-3727-493a-bc1c-586c01203704">
    <Description>These are default test settings for a local test run.</Description>
    <Deployment enabled="false" runDeploymentRoot="jonorri_JONORRI-WS 2012-06-06 13_01_30">
      <DeploymentItem filename="C:\Users\jonorri\SkyDrive\sc\BitBucket\actionfolders-practice\Nonoe.ActionFolders\Nonoe.ActionFolders.Objects\bin\Debug\Nonoe.ActionFolders.Objects.dll" />
      <DeploymentItem filename="C:\Users\jonorri\SkyDrive\sc\BitBucket\actionfolders-practice\Nonoe.ActionFolders\Nonoe.ActionFolders.DAL\bin\Debug\Nonoe.ActionFolders.DAL.dll" />
    </Deployment>
    <Execution>
      <TestTypeSpecific />
      <AgentRule name="Execution Agents">
      </AgentRule>
    </Execution>
  </TestSettings>
  <Times creation="2012-06-06T13:01:30.8193607+00:00" queuing="2012-06-06T13:01:32.3875175+00:00" start="2012-06-06T13:01:32.4655253+00:00" finish="2012-06-06T13:01:34.0606848+00:00" />
  <ResultSummary outcome="Completed">
    <Counters total="2" executed="2" passed="2" error="0" failed="0" timeout="0" aborted="0" inconclusive="0" passedButRunAborted="0" notRunnable="0" notExecuted="0" disconnected="0" warning="0" completed="0" inProgress="0" pending="0" />
  </ResultSummary>
  <TestDefinitions>
    <UnitTest name="TestRemoveActionFolder" storage="c:\users\jonorri\skydrive\sc\bitbucket\actionfolders-practice\nonoe.actionfolders\nonoe.actionfolders.tests\bin\debug\nonoe.actionfolders.tests.dll" id="893605cd-a9f6-3277-ee1a-3ea98d57191b">
      <Execution id="c17a4aeb-94ab-4b5e-8706-1435be03de97" />
      <TestMethod codeBase="C:/Users/jonorri/SkyDrive/sc/BitBucket/actionfolders-practice/Nonoe.ActionFolders/Nonoe.ActionFolders.Tests/bin/Debug/Nonoe.ActionFolders.Tests.DLL" adapterTypeName="Microsoft.VisualStudio.TestTools.TestTypes.Unit.UnitTestAdapter, Microsoft.VisualStudio.QualityTools.Tips.UnitTest.Adapter, Version=10.0.0.0, Culture=neutral, PublicKeyToken=b03f5f7f11d50a3a" className="Nonoe.ActionFolders.Tests.ActionFolderDalTest, Nonoe.ActionFolders.Tests, Version=1.0.0.0, Culture=neutral, PublicKeyToken=null" name="TestRemoveActionFolder" />
    </UnitTest>
    <UnitTest name="TestAddActionFolder" storage="c:\users\jonorri\skydrive\sc\bitbucket\actionfolders-practice\nonoe.actionfolders\nonoe.actionfolders.tests\bin\debug\nonoe.actionfolders.tests.dll" id="565e6a3d-7567-9480-2406-a7cd9e450b3c">
      <Execution id="843fb3ae-aa89-4af7-9dd9-31b74dfca6b9" />
      <TestMethod codeBase="C:/Users/jonorri/SkyDrive/sc/BitBucket/actionfolders-practice/Nonoe.ActionFolders/Nonoe.ActionFolders.Tests/bin/Debug/Nonoe.ActionFolders.Tests.DLL" adapterTypeName="Microsoft.VisualStudio.TestTools.TestTypes.Unit.UnitTestAdapter, Microsoft.VisualStudio.QualityTools.Tips.UnitTest.Adapter, Version=10.0.0.0, Culture=neutral, PublicKeyToken=b03f5f7f11d50a3a" className="Nonoe.ActionFolders.Tests.ActionFolderDalTest, Nonoe.ActionFolders.Tests, Version=1.0.0.0, Culture=neutral, PublicKeyToken=null" name="TestAddActionFolder" />
    </UnitTest>
  </TestDefinitions>
  <TestLists>
    <TestList name="Results Not in a List" id="8c84fa94-04c1-424b-9868-57a2d4851a1d" />
    <TestList name="All Loaded Results" id="19431567-8539-422a-85d7-44ee4e166bda" />
  </TestLists>
  <TestEntries>
    <TestEntry testId="565e6a3d-7567-9480-2406-a7cd9e450b3c" executionId="843fb3ae-aa89-4af7-9dd9-31b74dfca6b9" testListId="8c84fa94-04c1-424b-9868-57a2d4851a1d" />
    <TestEntry testId="893605cd-a9f6-3277-ee1a-3ea98d57191b" executionId="c17a4aeb-94ab-4b5e-8706-1435be03de97" testListId="8c84fa94-04c1-424b-9868-57a2d4851a1d" />
  </TestEntries>
  <Results>
    <UnitTestResult executionId="843fb3ae-aa89-4af7-9dd9-31b74dfca6b9" testId="565e6a3d-7567-9480-2406-a7cd9e450b3c" testName="TestAddActionFolder" computerName="JONORRI-WS" duration="00:00:00.1881816" startTime="2012-06-06T13:01:32.5025290+00:00" endTime="2012-06-06T13:01:33.9746762+00:00" testType="13cdc9d9-ddb5-4fa4-a97d-d965ccfc6d4b" outcome="Passed" testListId="8c84fa94-04c1-424b-9868-57a2d4851a1d" relativeResultsDirectory="843fb3ae-aa89-4af7-9dd9-31b74dfca6b9">
    </UnitTestResult>
    <UnitTestResult executionId="c17a4aeb-94ab-4b5e-8706-1435be03de97" testId="893605cd-a9f6-3277-ee1a-3ea98d57191b" testName="TestRemoveActionFolder" computerName="JONORRI-WS" duration="00:00:00.0031267" startTime="2012-06-06T13:01:33.9836771+00:00" endTime="2012-06-06T13:01:33.9906778+00:00" testType="13cdc9d9-ddb5-4fa4-a97d-d965ccfc6d4b" outcome="Passed" testListId="8c84fa94-04c1-424b-9868-57a2d4851a1d" relativeResultsDirectory="c17a4aeb-94ab-4b5e-8706-1435be03de97">
    </UnitTestResult>
  </Results>
</TestRun>