<?xml version="1.0" encoding="UTF-8"?>
<TestRun id="83234bd2-f1d3-4e1b-bd96-5d1769bdf854" name="jonorri@JONORRI-WS 2012-06-06 12:53:52" runUser="CCP\jonorri" xmlns="http://microsoft.com/schemas/VisualStudio/TeamTest/2010">
  <TestSettings name="Local" id="f9e69a58-3727-493a-bc1c-586c01203704">
    <Description>These are default test settings for a local test run.</Description>
    <Deployment enabled="false" runDeploymentRoot="jonorri_JONORRI-WS 2012-06-06 12_53_52">
      <DeploymentItem filename="C:\Users\jonorri\SkyDrive\sc\BitBucket\actionfolders-practice\Nonoe.ActionFolders\Nonoe.ActionFolders.Objects\bin\Debug\Nonoe.ActionFolders.Objects.dll" />
      <DeploymentItem filename="C:\Users\jonorri\SkyDrive\sc\BitBucket\actionfolders-practice\Nonoe.ActionFolders\Nonoe.ActionFolders.DAL\bin\Debug\Nonoe.ActionFolders.DAL.dll" />
    </Deployment>
    <Execution>
      <TestTypeSpecific />
      <AgentRule name="Execution Agents">
      </AgentRule>
    </Execution>
  </TestSettings>
  <Times creation="2012-06-06T12:53:52.7805614+00:00" queuing="2012-06-06T12:53:55.6018435+00:00" start="2012-06-06T12:53:56.0058839+00:00" finish="2012-06-06T12:53:58.0170850+00:00" />
  <ResultSummary outcome="Completed">
    <Counters total="1" executed="1" passed="1" error="0" failed="0" timeout="0" aborted="0" inconclusive="0" passedButRunAborted="0" notRunnable="0" notExecuted="0" disconnected="0" warning="0" completed="0" inProgress="0" pending="0" />
  </ResultSummary>
  <TestDefinitions>
    <UnitTest name="TestRemoveActionFolder" storage="c:\users\jonorri\skydrive\sc\bitbucket\actionfolders-practice\nonoe.actionfolders\nonoe.actionfolders.tests\bin\debug\nonoe.actionfolders.tests.dll" id="893605cd-a9f6-3277-ee1a-3ea98d57191b">
      <Execution id="e9cb0584-80c1-4d5c-a21e-746be82cac77" />
      <TestMethod codeBase="C:/Users/jonorri/SkyDrive/sc/BitBucket/actionfolders-practice/Nonoe.ActionFolders/Nonoe.ActionFolders.Tests/bin/Debug/Nonoe.ActionFolders.Tests.DLL" adapterTypeName="Microsoft.VisualStudio.TestTools.TestTypes.Unit.UnitTestAdapter, Microsoft.VisualStudio.QualityTools.Tips.UnitTest.Adapter, Version=10.0.0.0, Culture=neutral, PublicKeyToken=b03f5f7f11d50a3a" className="Nonoe.ActionFolders.Tests.ActionFolderDalTest, Nonoe.ActionFolders.Tests, Version=1.0.0.0, Culture=neutral, PublicKeyToken=null" name="TestRemoveActionFolder" />
    </UnitTest>
  </TestDefinitions>
  <TestLists>
    <TestList name="Results Not in a List" id="8c84fa94-04c1-424b-9868-57a2d4851a1d" />
    <TestList name="All Loaded Results" id="19431567-8539-422a-85d7-44ee4e166bda" />
  </TestLists>
  <TestEntries>
    <TestEntry testId="893605cd-a9f6-3277-ee1a-3ea98d57191b" executionId="e9cb0584-80c1-4d5c-a21e-746be82cac77" testListId="8c84fa94-04c1-424b-9868-57a2d4851a1d" />
  </TestEntries>
  <Results>
    <UnitTestResult executionId="e9cb0584-80c1-4d5c-a21e-746be82cac77" testId="893605cd-a9f6-3277-ee1a-3ea98d57191b" testName="TestRemoveActionFolder" computerName="JONORRI-WS" duration="00:00:00.3139708" startTime="2012-06-06T12:53:56.0988932+00:00" endTime="2012-06-06T12:53:57.8990732+00:00" testType="13cdc9d9-ddb5-4fa4-a97d-d965ccfc6d4b" outcome="Passed" testListId="8c84fa94-04c1-424b-9868-57a2d4851a1d" relativeResultsDirectory="e9cb0584-80c1-4d5c-a21e-746be82cac77">
    </UnitTestResult>
  </Results>
</TestRun>